<?xml version="1.0" encoding="UTF-8"?>
<testng-results skipped="0" failed="1" ignored="0" total="1" passed="0">
  <reporter-output>
  </reporter-output>
  <suite name="Default suite" duration-ms="2341575" started-at="2019-01-22T10:18:39Z" finished-at="2019-01-22T10:57:40Z">
    <groups>
    </groups>
    <test name="Default test" duration-ms="2341575" started-at="2019-01-22T10:18:39Z" finished-at="2019-01-22T10:57:40Z">
      <class name="placeOrder.OrderWithVochercode">
        <test-method status="PASS" signature="removeExistingFiles()[pri:0, instance:placeOrder.OrderWithVochercode@64ba3208]" name="removeExistingFiles" is-config="true" duration-ms="0" started-at="2019-01-22T10:18:39Z" finished-at="2019-01-22T10:18:39Z">
          <reporter-output>
          </reporter-output>
        </test-method> <!-- removeExistingFiles -->
        <test-method status="PASS" signature="startReport(org.testng.ITestContext)[pri:0, instance:placeOrder.OrderWithVochercode@64ba3208]" name="startReport" is-config="true" duration-ms="124" started-at="2019-01-22T10:18:39Z" finished-at="2019-01-22T10:18:39Z">
          <params>
            <param index="0">
              <value>
                <![CDATA[org.testng.TestRunner@28f9fedd]]>
              </value>
            </param>
          </params>
          <reporter-output>
          </reporter-output>
        </test-method> <!-- startReport -->
        <test-method status="PASS" signature="launchBrowser()[pri:0, instance:placeOrder.OrderWithVochercode@64ba3208]" name="launchBrowser" is-config="true" duration-ms="49032" started-at="2019-01-22T10:18:39Z" finished-at="2019-01-22T10:19:28Z">
          <reporter-output>
          </reporter-output>
        </test-method> <!-- launchBrowser -->
        <test-method status="PASS" signature="initiatePageObjects(java.lang.reflect.Method)[pri:0, instance:placeOrder.OrderWithVochercode@64ba3208]" name="initiatePageObjects" is-config="true" duration-ms="136" started-at="2019-01-22T10:19:28Z" finished-at="2019-01-22T10:19:28Z">
          <params>
            <param index="0">
              <value>
                <![CDATA[private void placeOrder.OrderWithVochercode.testOrderWith() throws java.lang.InterruptedException]]>
              </value>
            </param>
          </params>
          <reporter-output>
          </reporter-output>
        </test-method> <!-- initiatePageObjects -->
        <test-method status="FAIL" signature="testOrderWith()[pri:0, instance:placeOrder.OrderWithVochercode@64ba3208]" name="testOrderWith" duration-ms="210026" started-at="2019-01-22T10:19:28Z" finished-at="2019-01-22T10:22:58Z">
          <exception class="java.lang.AssertionError">
            <message>
              <![CDATA[Unable to Fetch text stale element reference: element is not attached to the page document
  (Session info: chrome=71.0.3578.98)
  (Driver info: chromedriver=2.44.609538 (b655c5a60b0b544917107a59d4153d4bf78e1b90),platform=Windows NT 10.0.17134 x86_64) (WARNING: The server did not provide any stacktrace information)
Command duration or timeout: 0 milliseconds
For documentation on this error, please visit: https://www.seleniumhq.org/exceptions/stale_element_reference.html
Build info: version: '3.141.59', revision: 'e82be7d358', time: '2018-11-14T08:17:03'
System info: host: 'DESKTOP-OJUHGQS', ip: '192.168.1.179', os.name: 'Windows 10', os.arch: 'amd64', os.version: '10.0', java.version: '1.8.0_171'
Driver info: org.openqa.selenium.chrome.ChromeDriver
Capabilities {acceptInsecureCerts: false, acceptSslCerts: false, applicationCacheEnabled: false, browserConnectionEnabled: false, browserName: chrome, chrome: {chromedriverVersion: 2.44.609538 (b655c5a60b0b54..., userDataDir: C:\Users\Admin\AppData\Loca...}, cssSelectorsEnabled: true, databaseEnabled: false, goog:chromeOptions: {debuggerAddress: localhost:62725}, handlesAlerts: true, hasTouchScreen: false, javascriptEnabled: true, locationContextEnabled: true, mobileEmulationEnabled: false, nativeEvents: true, networkConnectionEnabled: false, pageLoadStrategy: normal, platform: XP, platformName: XP, rotatable: false, setWindowRect: true, takesHeapSnapshot: true, takesScreenshot: true, unexpectedAlertBehaviour: ignore, unhandledPromptBehavior: ignore, version: 71.0.3578.98, webStorageEnabled: true}
Session ID: 73b0b6d0a1d42227235318286181340f]]>
            </message>
            <full-stacktrace>
              <![CDATA[java.lang.AssertionError: Unable to Fetch text stale element reference: element is not attached to the page document
  (Session info: chrome=71.0.3578.98)
  (Driver info: chromedriver=2.44.609538 (b655c5a60b0b544917107a59d4153d4bf78e1b90),platform=Windows NT 10.0.17134 x86_64) (WARNING: The server did not provide any stacktrace information)
Command duration or timeout: 0 milliseconds
For documentation on this error, please visit: https://www.seleniumhq.org/exceptions/stale_element_reference.html
Build info: version: '3.141.59', revision: 'e82be7d358', time: '2018-11-14T08:17:03'
System info: host: 'DESKTOP-OJUHGQS', ip: '192.168.1.179', os.name: 'Windows 10', os.arch: 'amd64', os.version: '10.0', java.version: '1.8.0_171'
Driver info: org.openqa.selenium.chrome.ChromeDriver
Capabilities {acceptInsecureCerts: false, acceptSslCerts: false, applicationCacheEnabled: false, browserConnectionEnabled: false, browserName: chrome, chrome: {chromedriverVersion: 2.44.609538 (b655c5a60b0b54..., userDataDir: C:\Users\Admin\AppData\Loca...}, cssSelectorsEnabled: true, databaseEnabled: false, goog:chromeOptions: {debuggerAddress: localhost:62725}, handlesAlerts: true, hasTouchScreen: false, javascriptEnabled: true, locationContextEnabled: true, mobileEmulationEnabled: false, nativeEvents: true, networkConnectionEnabled: false, pageLoadStrategy: normal, platform: XP, platformName: XP, rotatable: false, setWindowRect: true, takesHeapSnapshot: true, takesScreenshot: true, unexpectedAlertBehaviour: ignore, unhandledPromptBehavior: ignore, version: 71.0.3578.98, webStorageEnabled: true}
Session ID: 73b0b6d0a1d42227235318286181340f
at org.testng.Assert.fail(Assert.java:96)
at com.tumi.utilities.GenericMethods.getText(GenericMethods.java:112)
at placeOrder.OrderWithVochercode.testOrderWith(Unknown Source)
at sun.reflect.NativeMethodAccessorImpl.invoke0(Native Method)
at sun.reflect.NativeMethodAccessorImpl.invoke(Unknown Source)
at sun.reflect.DelegatingMethodAccessorImpl.invoke(Unknown Source)
at java.lang.reflect.Method.invoke(Unknown Source)
at org.testng.internal.MethodInvocationHelper.invokeMethod(MethodInvocationHelper.java:124)
at org.testng.internal.Invoker.invokeMethod(Invoker.java:580)
at org.testng.internal.Invoker.invokeTestMethod(Invoker.java:716)
at org.testng.internal.Invoker.invokeTestMethods(Invoker.java:988)
at org.testng.internal.TestMethodWorker.invokeTestMethods(TestMethodWorker.java:125)
at org.testng.internal.TestMethodWorker.run(TestMethodWorker.java:109)
at org.testng.TestRunner.privateRun(TestRunner.java:648)
at org.testng.TestRunner.run(TestRunner.java:505)
at org.testng.SuiteRunner.runTest(SuiteRunner.java:455)
at org.testng.SuiteRunner.runSequentially(SuiteRunner.java:450)
at org.testng.SuiteRunner.privateRun(SuiteRunner.java:415)
at org.testng.SuiteRunner.run(SuiteRunner.java:364)
at org.testng.SuiteRunnerWorker.runSuite(SuiteRunnerWorker.java:52)
at org.testng.SuiteRunnerWorker.run(SuiteRunnerWorker.java:84)
at org.testng.TestNG.runSuitesSequentially(TestNG.java:1208)
at org.testng.TestNG.runSuitesLocally(TestNG.java:1137)
at org.testng.TestNG.runSuites(TestNG.java:1049)
at org.testng.TestNG.run(TestNG.java:1017)
at org.testng.remote.AbstractRemoteTestNG.run(AbstractRemoteTestNG.java:114)
at org.testng.remote.RemoteTestNG.initAndRun(RemoteTestNG.java:251)
at org.testng.remote.RemoteTestNG.main(RemoteTestNG.java:77)
]]>
            </full-stacktrace>
          </exception> <!-- java.lang.AssertionError -->
          <reporter-output>
          </reporter-output>
        </test-method> <!-- testOrderWith -->
        <test-method status="PASS" signature="verifyTestResult(org.testng.ITestResult)[pri:0, instance:placeOrder.OrderWithVochercode@64ba3208]" name="verifyTestResult" is-config="true" duration-ms="6417" started-at="2019-01-22T10:53:18Z" finished-at="2019-01-22T10:53:24Z">
          <params>
            <param index="0">
              <value>
                <![CDATA[[TestResult name=testOrderWith status=FAILURE method=OrderWithVochercode.testOrderWith()[pri:0, instance:placeOrder.OrderWithVochercode@64ba3208] output={null}]]]>
              </value>
            </param>
          </params>
          <reporter-output>
          </reporter-output>
        </test-method> <!-- verifyTestResult -->
        <test-method status="PASS" signature="endReport()[pri:0, instance:placeOrder.OrderWithVochercode@64ba3208]" name="endReport" is-config="true" duration-ms="362" started-at="2019-01-22T10:57:40Z" finished-at="2019-01-22T10:57:40Z">
          <reporter-output>
          </reporter-output>
        </test-method> <!-- endReport -->
      </class> <!-- placeOrder.OrderWithVochercode -->
    </test> <!-- Default test -->
  </suite> <!-- Default suite -->
</testng-results>
